<?xml version="1.0" encoding="UTF-8"?>
<!-- Generated by org.testng.reporters.JUnitReportReporter -->
<testsuite hostname="DT01503" name="Utility.utilities" tests="1" failures="0" timestamp="4 Feb 2020 10:10:00 GMT" time="9.150" errors="0">
  <testcase name="getData" time="9.150" classname="Utility.utilities"/>
</testsuite> <!-- Utility.utilities -->
